2026-05-22 22:39:27,556 - INFO - Launching Apollo Website
2026-05-22 22:39:34,762 - INFO - Launching Apollo Website
2026-05-22 22:39:35,632 - INFO - Entered Mobile : 9031388089
2026-05-22 22:40:07,175 - INFO - Launching Apollo Website
2026-05-22 22:46:04,594 - INFO - Apollo 24/7 website launched successfully
2026-05-22 22:46:04,800 - INFO - Starting Login Process
2026-05-22 22:46:27,345 - INFO - Login Successful
2026-05-22 22:46:27,624 - INFO - Adding Medicine: Dolo 650
2026-05-22 22:47:21,500 - INFO - Adding Medicine: Paracetamol 500mg
2026-05-22 22:47:50,729 - INFO - Adding Medicine: Vicks Vaporub
2026-05-22 22:48:20,769 - INFO - Opening Cart
2026-05-22 22:48:35,928 - INFO - Checkout Initiated Successfully
2026-05-22 22:48:58,540 - INFO - Apollo 24/7 website launched successfully
2026-05-22 22:48:58,755 - INFO - Starting Login Process
2026-05-22 22:49:19,624 - INFO - Login Successful
2026-05-22 22:49:19,847 - INFO - Adding Medicine: Dolo 650
2026-05-22 22:50:18,397 - INFO - Adding Medicine: Paracetamol 500mg
2026-05-22 22:50:47,859 - INFO - Adding Medicine: Vicks Vaporub
2026-05-22 22:51:17,962 - INFO - Opening Cart
2026-05-22 22:51:41,041 - INFO - Checkout Initiated Successfully
2026-05-23 08:28:00,692 - INFO - Launching Apollo Website
2026-05-23 08:28:10,987 - INFO - Launching Apollo Website
2026-05-23 08:28:20,813 - INFO - Launching Apollo Website
2026-05-23 08:29:08,013 - INFO - Apollo 24/7 website launched successfully
2026-05-23 08:29:08,224 - INFO - Starting Login Process
2026-05-23 08:34:22,960 - INFO - Launching Apollo Website
2026-05-23 08:34:33,885 - INFO - Launching Apollo Website
2026-05-23 08:34:33,992 - INFO - Clicked Login Button
2026-05-23 08:34:34,562 - INFO - Entered Mobile Number : 9031388089
2026-05-23 08:34:34,686 - INFO - Clicked Continue Button
2026-05-23 08:35:00,991 - INFO - Clicked Verify Button
2026-05-23 08:35:01,314 - INFO - Positive Login Successful
2026-05-23 08:35:12,506 - INFO - Launching Apollo Website
2026-05-23 08:35:49,885 - INFO - Popup Closed
2026-05-23 08:35:55,379 - INFO - Clicked Buy Medicines
2026-05-23 08:36:27,083 - INFO - Popup Closed
2026-05-23 08:36:28,744 - INFO - Clicked Buy Medicines
2026-05-23 08:36:55,755 - INFO - Apollo 24/7 website launched successfully
2026-05-23 08:36:56,197 - INFO - Starting Login Process
2026-05-23 08:37:17,094 - INFO - Login Successful
2026-05-23 08:37:17,472 - INFO - Adding Medicine: Dolo 650
2026-05-23 08:38:00,119 - INFO - Adding Medicine: Paracetamol 500mg
2026-05-23 08:38:29,068 - INFO - Adding Medicine: Vicks Vaporub
2026-05-23 08:38:59,294 - INFO - Opening Cart
2026-05-23 08:39:01,345 - INFO - Checkout Initiated Successfully
2026-05-23 08:50:40,469 - INFO - Launching Apollo Website
2026-05-23 08:50:50,876 - INFO - Launching Apollo Website
2026-05-23 08:51:04,443 - INFO - Launching Apollo Website
2026-05-23 08:51:20,930 - INFO - Popup Closed
2026-05-23 08:51:23,632 - INFO - Clicked Buy Medicines
2026-05-23 08:51:57,711 - INFO - Popup Closed
2026-05-23 08:52:02,671 - INFO - Clicked Buy Medicines
2026-05-23 09:23:02,072 - INFO - Apollo 24/7 website launched successfully
2026-05-23 09:23:02,263 - INFO - Starting Login Process
2026-05-23 09:29:07,982 - INFO - Apollo 24/7 website launched successfully
2026-05-23 09:29:08,195 - INFO - Starting Login Process
2026-05-23 09:29:28,869 - INFO - Login Successful
2026-05-23 09:29:29,092 - INFO - Adding Medicine: Dolo 650
2026-05-23 09:30:09,478 - INFO - Adding Medicine: Paracetamol 500mg
2026-05-23 09:30:38,244 - INFO - Adding Medicine: Vicks Vaporub
2026-05-23 09:31:07,407 - INFO - Opening Cart
2026-05-23 09:31:09,106 - INFO - Checkout Initiated Successfully
2026-05-23 11:13:30,907 - INFO - Apollo 24/7 website launched successfully
2026-05-23 11:13:31,145 - INFO - Starting Login Process
2026-05-23 11:13:52,322 - INFO - Login Successful
2026-05-23 11:13:52,613 - INFO - Adding Medicine: Dolo 650
2026-05-23 11:14:34,043 - INFO - Adding Medicine: Paracetamol 500mg
2026-05-23 11:15:03,446 - INFO - Adding Medicine: Vicks Vaporub
2026-05-23 11:15:33,664 - INFO - Opening Cart
2026-05-23 11:15:35,832 - INFO - Checkout Initiated Successfully
2026-05-23 11:56:51,550 - INFO - Apollo 24/7 website launched successfully
2026-05-23 11:56:51,760 - INFO - Starting Login Process
2026-05-23 11:58:23,574 - INFO - Apollo 24/7 website launched successfully
2026-05-23 11:58:23,740 - INFO - Starting Login Process
2026-05-23 11:59:22,117 - INFO - Apollo 24/7 website launched successfully
2026-05-23 11:59:22,274 - INFO - Starting Login Process
2026-05-23 12:01:50,210 - INFO - Apollo 24/7 website launched successfully
2026-05-23 12:01:50,399 - INFO - Starting Login Process
2026-05-23 12:10:16,231 - INFO - Apollo 24/7 website launched successfully
2026-05-23 12:10:16,477 - INFO - Starting Login Process
2026-05-23 12:10:37,165 - INFO - Login Successful
2026-05-23 12:10:37,373 - INFO - Adding Medicine: Dolo 650
2026-05-23 12:11:19,987 - INFO - Adding Medicine: Paracetamol 500mg
2026-05-23 12:12:24,422 - INFO - Apollo 24/7 website launched successfully
2026-05-23 12:12:24,587 - INFO - Starting Login Process
2026-05-23 12:12:45,195 - INFO - Login Successful
2026-05-23 12:12:45,404 - INFO - Adding Medicine: Dolo 650
2026-05-23 12:13:25,965 - INFO - Adding Medicine: Paracetamol 500mg
2026-05-23 12:13:54,651 - INFO - Adding Medicine: Vicks Vaporub
2026-05-23 12:14:24,206 - INFO - Opening Cart
2026-05-23 12:14:26,379 - INFO - Checkout Initiated Successfully
2026-05-23 14:01:48,397 - INFO - Launching Apollo Website
2026-05-23 14:02:00,194 - INFO - Launching Apollo Website
2026-05-23 14:02:00,413 - INFO - Clicked Login Button
2026-05-23 14:02:00,747 - INFO - Entered Mobile Number : 9031388089
2026-05-23 14:02:00,821 - INFO - Clicked Continue Button
2026-05-23 14:02:20,950 - INFO - Clicked Verify Button
2026-05-23 14:02:21,212 - INFO - Positive Login Successful
2026-05-23 14:02:31,015 - INFO - Launching Apollo Website
2026-05-23 14:03:08,201 - INFO - Popup Closed
2026-05-23 14:03:14,982 - INFO - Clicked Buy Medicines
2026-05-23 14:04:20,148 - INFO - Popup Closed
2026-05-23 14:04:24,547 - INFO - Clicked Buy Medicines
2026-05-23 14:04:50,195 - INFO - Apollo 24/7 website launched successfully
2026-05-23 14:04:50,421 - INFO - Starting Login Process
2026-05-23 14:05:11,042 - INFO - Login Successful
2026-05-23 14:05:11,294 - INFO - Adding Medicine: Dolo 650
2026-05-23 14:05:51,632 - INFO - Adding Medicine: Paracetamol 500mg
2026-05-23 14:06:20,529 - INFO - Adding Medicine: Vicks Vaporub
2026-05-23 14:06:49,892 - INFO - Opening Cart
2026-05-23 14:06:51,717 - INFO - Checkout Initiated Successfully
2026-05-24 12:39:33,743 - INFO - Launching Apollo Website
2026-05-24 12:39:44,857 - INFO - Launching Apollo Website
2026-05-24 12:39:45,082 - INFO - Clicked Login Button
2026-05-24 12:39:45,549 - INFO - Entered Mobile Number : 9031388089
2026-05-24 12:39:45,622 - INFO - Clicked Continue Button
2026-05-24 12:40:05,734 - INFO - Clicked Verify Button
2026-05-24 12:40:05,944 - INFO - Positive Login Successful
2026-05-24 12:40:21,035 - INFO - Launching Apollo Website
2026-05-24 12:54:50,431 - INFO - Launching Apollo Website
2026-05-24 12:54:50,845 - INFO - Website Launch Validation Completed
2026-05-24 12:55:02,444 - INFO - Launching Apollo Website
2026-05-24 12:55:02,754 - INFO - Clicked Login Button
2026-05-24 12:55:03,281 - INFO - Entered Mobile Number : 7852647563
2026-05-24 12:55:03,590 - INFO - Clicked Continue Button
2026-05-24 12:55:03,904 - INFO - Waiting For OTP Entry
2026-05-24 12:55:24,495 - INFO - Clicked Verify Button
2026-05-24 12:55:24,953 - INFO - Positive Login Flow Completed
2026-05-24 12:55:33,711 - INFO - Launching Apollo Website
2026-05-24 12:55:34,023 - INFO - Clicked Login Button
2026-05-24 12:55:34,324 - INFO - Entered Invalid Mobile : 12345
2026-05-24 12:55:54,611 - WARNING - Continue Button Not Clickable : Message: 

2026-05-24 12:55:57,220 - INFO - Negative Login Validation Completed
2026-05-24 12:56:14,229 - INFO - Popup Closed
2026-05-24 12:56:20,353 - INFO - Clicked Buy Medicines
2026-05-24 12:56:22,349 - INFO - Searched Medicine : Dolo 650
2026-05-24 12:56:25,038 - INFO - Searched Medicine : Paracetamol
2026-05-24 12:56:27,778 - INFO - Searched Medicine : Crocin
2026-05-24 12:56:30,289 - INFO - Search Result Status : True
2026-05-24 12:56:30,465 - INFO - Positive Search Validation Completed
2026-05-24 12:56:48,967 - INFO - Popup Closed
2026-05-24 12:56:55,226 - INFO - Clicked Buy Medicines
2026-05-24 12:56:57,087 - INFO - Searched Invalid Medicine : xyzinvalidmedicine
2026-05-24 12:57:00,568 - INFO - Searched Invalid Medicine : abcdef123
2026-05-24 12:57:03,195 - INFO - Searched Invalid Medicine : wrongtablet
2026-05-24 12:57:31,323 - INFO - Negative Search Result : False
2026-05-24 12:57:31,507 - INFO - Negative Search Validation Completed
2026-05-24 12:57:41,798 - INFO - Apollo 24/7 website launched successfully
2026-05-24 12:57:42,031 - INFO - Starting Login Process
2026-05-24 13:05:08,664 - INFO - Launching Apollo Website
2026-05-24 13:05:09,034 - INFO - Website Launch Validation Completed
2026-05-24 13:05:19,868 - INFO - Launching Apollo Website
2026-05-24 13:05:20,166 - INFO - Clicked Login Button
2026-05-24 13:05:20,530 - INFO - Entered Mobile Number : 7852647563
2026-05-24 13:05:20,775 - INFO - Clicked Continue Button
2026-05-24 13:05:21,014 - INFO - Waiting For OTP Entry
2026-05-24 13:05:41,584 - INFO - Clicked Verify Button
2026-05-24 13:05:42,028 - INFO - Positive Login Flow Completed
2026-05-24 13:05:50,107 - INFO - Launching Apollo Website
2026-05-24 13:05:50,407 - INFO - Clicked Login Button
2026-05-24 13:05:50,736 - INFO - Entered Invalid Mobile : 12345
2026-05-24 13:06:11,330 - WARNING - Continue Button Not Clickable : Message: 

2026-05-24 13:06:13,868 - INFO - Negative Login Validation Completed
2026-05-24 13:06:30,833 - INFO - Popup Closed
2026-05-24 13:06:36,413 - INFO - Clicked Buy Medicines
2026-05-24 13:06:38,409 - INFO - Searched Medicine : Dolo 650
2026-05-24 13:06:41,605 - INFO - Searched Medicine : Paracetamol
2026-05-24 13:06:44,425 - INFO - Searched Medicine : Crocin
2026-05-24 13:06:46,656 - INFO - Search Result Status : True
2026-05-24 13:06:46,824 - INFO - Positive Search Validation Completed
2026-05-24 13:07:03,696 - INFO - Popup Closed
2026-05-24 13:07:08,521 - INFO - Clicked Buy Medicines
2026-05-24 13:07:10,407 - INFO - Searched Invalid Medicine : xyzinvalidmedicine
2026-05-24 13:07:13,126 - INFO - Searched Invalid Medicine : abcdef123
2026-05-24 13:07:16,325 - INFO - Searched Invalid Medicine : wrongtablet
2026-05-24 13:07:44,142 - INFO - Negative Search Result : False
2026-05-24 13:07:44,300 - INFO - Negative Search Validation Completed
2026-05-24 13:08:40,545 - INFO - Apollo 24/7 website launched successfully
2026-05-24 13:08:40,803 - INFO - Starting Login Process
2026-05-24 13:09:01,677 - INFO - Login Successful
2026-05-24 13:09:01,902 - INFO - Adding Medicine: Dolo 650
2026-05-24 13:09:42,838 - INFO - Adding Medicine: Paracetamol 500mg
2026-05-24 13:10:11,674 - INFO - Adding Medicine: Vicks Vaporub
2026-05-24 13:10:41,495 - INFO - Opening Cart
2026-05-24 13:10:43,511 - INFO - Checkout Initiated Successfully
